populations v2.3b, executed 2022-03-15 22:42:24
populations -P /groups/hologenomics/phq599/data/soemrokke/03_stacks/03d_gstacks -M /groups/hologenomics/phq599/data/soemrokke/07_popmaps/part07B_popmap.txt -r 0.65 --vcf --genepop --fstats --smooth --hwe -t 8
Locus/sample distributions will be written to '/groups/hologenomics/phq599/data/soemrokke/03_stacks/03d_gstacks/populations.log.distribs'.
populations parameters selected:
  Percent samples limit per population: 0.65
  Locus Population limit: 1
  Percent samples overall: 0
  Minor allele frequency cutoff: 0
  Maximum observed heterozygosity cutoff: 1
  Applying Fst correction: none.
  Pi/Fis kernel smoothing: on
  Fstats kernel smoothing: on
  Bootstrap resampling: off

Parsing population map...
The population map contained 93 samples, 4 population(s), 1 group(s).
Working on 93 samples.
Working on 4 population(s):
    North_Sea: P08867, P08869, P08870, P08871, P08878, P08899, P08901, P08902, P08903, P08905, P08907, P08909, P08912, P08913, P08915, P08916, 
               P08918, P08919, P08920, P08921, P08922, P08923, P08924, P08925, P08927, P08928, P08930, P08931, P08932, P08933, P08935, P08936, 
               P08949, P08950, P08951, P08952, P08953, P08960, P08963, P08964, P08965, P08967, P08968, P08969, P08971, P08972, P08973, P08974, 
               P08975, P08980, P08981, P2397507
    Skagerrak: P08780, P08955, P08956, P08957, P08958, SR10, SR11, SR12, SR14, SR15, SR16, SR17, SR18, SR19, SR20, SR22, SR23, SR3, SR4, 
               SR5, SR8, SR9
    Kattegat: P08713
    Aquarium: P2397621, P2397622, P2397623, P2397624, P2397625, P2397626, P2397627, P2397628, P2397629, P2397630, P2397631, P2397632, P2397633, 
              P2397634, P2397635, P2397636, P2397637, P2397638
Working on 1 group(s) of populations:
    defaultgrp: North_Sea, Skagerrak, Kattegat, Aquarium

SNPs and calls will be written in VCF format to '/groups/hologenomics/phq599/data/soemrokke/03_stacks/03d_gstacks/populations.snps.vcf'
Haplotypes will be written in VCF format to '/groups/hologenomics/phq599/data/soemrokke/03_stacks/03d_gstacks/populations.haps.vcf'
Polymorphic sites in GenePop format will be written to '/groups/hologenomics/phq599/data/soemrokke/03_stacks/03d_gstacks/populations.snps.genepop'
Warning: Genepop: The order in which samples appear was modified (as the input population map is not sorted).Polymorphic loci in GenePop format will be written to '/groups/hologenomics/phq599/data/soemrokke/03_stacks/03d_gstacks/populations.haps.genepop'
Genotyping markers will be written to '/groups/hologenomics/phq599/data/soemrokke/03_stacks/03d_gstacks/populations.markers.tsv'
Raw Genotypes/Haplotypes will be written to '/groups/hologenomics/phq599/data/soemrokke/03_stacks/03d_gstacks/populations.haplotypes.tsv'
Population-level summary statistics will be written to '/groups/hologenomics/phq599/data/soemrokke/03_stacks/03d_gstacks/populations.sumstats.tsv'
Population-level haplotype summary statistics will be written to '/groups/hologenomics/phq599/data/soemrokke/03_stacks/03d_gstacks/populations.hapstats.tsv'

Processing data in batches:
  * load a batch of catalog loci and apply filters
  * compute SNP- and haplotype-wise per-population statistics
  * compute SNP- and haplotype-wise deviation from HWE
  * compute F-statistics
  * smooth per-population statistics
  * smooth F-statistics
  * write the above statistics in the output files
  * export the genotypes/haplotypes in specified format(s)
More details in '/groups/hologenomics/phq599/data/soemrokke/03_stacks/03d_gstacks/populations.log.distribs'.
Now processing...
NC_045956.1 
NC_045957.1 
NC_045958.1 
NC_045959.1 
NC_045960.1 
NC_045961.1 
NC_045962.1 
NC_045963.1 
NC_045964.1 
NC_045965.1 
NC_045966.1 
NC_045967.1 
NC_045968.1 
NC_045969.1 
NC_045970.1 
NC_045971.1 
NC_045972.1 
NC_045973.1 
NC_045974.1 
NC_045975.1 
NC_045976.1 
NC_045977.1 
NC_045978.1 
NC_045979.1 
NC_045980.1 
NC_045981.1 
NC_045982.1 
NC_045983.1 
NC_045984.1 
NC_045986.1 
NC_045987.1 
NC_045988.1 
NC_045989.1 
NC_045992.1 
NC_045994.1 
NC_045996.1 

Removed 1912 loci that did not pass sample/population constraints from 2147 loci.
Kept 235 loci, composed of 27448 sites; 125 of those sites were filtered, 352 variant sites remained.
    27285 genomic sites, of which 82 were covered by multiple loci (0.3%).
Mean genotyped sites per locus: 116.23bp (stderr 0.32).

Population summary statistics (more detail in populations.sumstats_summary.tsv):
  North_Sea: 41.341 samples per locus; pi: 0.081857; all/variant/polymorphic sites: 4681/41/27; private alleles: 18
  Skagerrak: 17.028 samples per locus; pi: 0.20625; all/variant/polymorphic sites: 14370/251/219; private alleles: 144
  Kattegat: 1 samples per locus; pi: 0.10877; all/variant/polymorphic sites: 25165/285/31; private alleles: 2
  Aquarium: 14.235 samples per locus; pi: 0.1351; all/variant/polymorphic sites: 19625/319/157; private alleles: 60

Number of variable sites found to be significantly out of Hardy-Weinberg equilibrium (<0.05):
  North_Sea: 16
  Skagerrak: 183
  Kattegat: 0
  Aquarium: 74
Number of loci found to be significantly out of Hardy-Weinberg equilibrium (<0.05):
  North_Sea: 40
  Skagerrak: 102
  Kattegat: 112
  Aquarium: 123
(more detail in populations.sumstats.tsv and populations.hapstats.tsv)

Population pair divergence statistics (more in populations.fst_summary.tsv and populations.phistats_summary.tsv):
  North_Sea-Skagerrak: mean Fst: 0.036511; mean Phi_st: 0.034748; mean Fst': 0.017307
  North_Sea-Kattegat: mean Fst: 0.0040149; mean Phi_st: -0.11951; mean Fst': 0.02022
  North_Sea-Aquarium: mean Fst: 0.015405; mean Phi_st: 0.060449; mean Fst': 0.05645
  Skagerrak-Kattegat: mean Fst: 0.022554; mean Phi_st: -0.08166; mean Fst': 0.12661
  Skagerrak-Aquarium: mean Fst: 0.04931; mean Phi_st: 0.070473; mean Fst': 0.081423
  Kattegat-Aquarium: mean Fst: 0.10308; mean Phi_st: 0.062037; mean Fst': 0.22818

Populations is done.
